    1      8  0.3241E+01  0.2448E+00  0.2253E-02  0.1948E-02  0.9256E-01  0.3043E-01  0.5738E+00  0.7977E+00
    2      8  0.4843E+01  0.1061E-01  0.1221E-02  0.7188E-02  0.9055E-01  0.5710E-01  0.2257E+00  0.6790E+00
    3      8  0.4117E+01  0.1405E+00  0.2069E-02  0.2498E-02  0.9864E-01  0.5153E-01  0.6288E+00  0.7281E+00
    4      8  0.3708E+01  0.1606E+00  0.2984E-02  0.9931E-02  0.5621E-01  0.5945E-01  0.7291E+00  0.6336E+00
    5      8  0.2155E+01  0.7812E-01  0.3230E-02  0.7762E-02  0.9152E-01  0.5693E-01  0.5512E+00  0.9328E+00
    6      8  0.4550E+01  0.6088E-01  0.3486E-02  0.4351E-02  0.6209E-01  0.4332E-01  0.4121E+00  0.5781E+00
    7      8  0.3143E+01  0.1668E+00  0.4611E-02  0.7960E-02  0.6697E-01  0.5473E-01  0.3098E+00  0.8110E+00
    8      8  0.3996E+01  0.3974E-01  0.3830E-02  0.1835E-02  0.5476E-01  0.6856E-01  0.8353E+00  0.9511E+00
    9      8  0.4385E+01  0.2030E+00  0.4756E-02  0.5668E-02  0.9541E-01  0.3350E-01  0.8846E+00  0.2284E+00
   10      8  0.3527E+01  0.1712E+00  0.1852E-02  0.7364E-02  0.6458E-01  0.2367E-01  0.6694E+00  0.4293E+00
   11      8  0.4062E+01  0.1393E+00  0.2520E-02  0.8862E-02  0.7114E-01  0.7621E-01  0.9486E+00  0.9087E+00
   12      8  0.4599E+01  0.7703E-01  0.4115E-02  0.1183E-02  0.8158E-01  0.2208E-01  0.3822E+00  0.4932E+00
   13      8  0.3363E+01  0.2096E+00  0.2945E-02  0.7645E-02  0.6397E-01  0.7588E-01  0.5670E+00  0.3147E+00
   14      8  0.2620E+01  0.1537E+00  0.2024E-02  0.5583E-02  0.7407E-01  0.3979E-01  0.2571E+00  0.6268E+00
   15      8  0.2534E+01  0.2424E-01  0.2780E-02  0.8376E-02  0.8828E-01  0.6231E-01  0.4275E+00  0.5056E+00
   16      8  0.3608E+01  0.2222E+00  0.1268E-02  0.8067E-02  0.9390E-01  0.7202E-01  0.8125E+00  0.5406E+00
   17      8  0.2188E+01  0.3266E-01  0.4990E-02  0.3864E-02  0.7288E-01  0.6983E-01  0.7524E+00  0.4826E+00
   18      8  0.3551E+01  0.2937E-01  0.3926E-02  0.2782E-02  0.7966E-01  0.5559E-01  0.9211E+00  0.4633E+00
   19      8  0.3025E+01  0.2208E+00  0.3470E-02  0.4525E-02  0.8623E-01  0.2735E-01  0.4630E+00  0.7141E+00
   20      8  0.3718E+01  0.1426E+00  0.4585E-02  0.9869E-02  0.9686E-01  0.8228E-01  0.2934E+00  0.4210E+00
   21      8  0.3192E+01  0.2326E+00  0.1721E-02  0.6610E-02  0.7650E-01  0.4917E-01  0.5538E+00  0.8833E+00
   22      8  0.2746E+01  0.2392E+00  0.1417E-02  0.8480E-02  0.8091E-01  0.2955E-01  0.3712E+00  0.5581E+00
   23      8  0.4416E+01  0.1862E+00  0.4259E-02  0.8708E-02  0.6728E-01  0.6608E-01  0.8193E+00  0.3866E+00
   24      8  0.3289E+01  0.2299E+00  0.4538E-02  0.6168E-02  0.9100E-01  0.9127E-01  0.5797E+00  0.2478E+00
   25      8  0.3314E+01  0.1934E+00  0.3176E-02  0.4124E-02  0.5884E-01  0.6479E-01  0.2684E+00  0.8961E+00
   26      8  0.2351E+01  0.2897E-01  0.1631E-02  0.4891E-02  0.5228E-01  0.7951E-01  0.3326E+00  0.4088E+00
   27      8  0.3487E+01  0.1262E+00  0.3018E-02  0.5275E-02  0.5329E-01  0.5909E-01  0.6474E+00  0.5500E+00
   28      8  0.3953E+01  0.1771E+00  0.1393E-02  0.9047E-02  0.5447E-01  0.5426E-01  0.2195E+00  0.3346E+00
   29      8  0.2328E+01  0.1132E+00  0.4171E-02  0.1339E-02  0.5098E-01  0.6701E-01  0.5318E+00  0.7419E+00
   30      8  0.4976E+01  0.1251E+00  0.2559E-02  0.6880E-02  0.5536E-01  0.4205E-01  0.9546E+00  0.6706E+00
   31      8  0.3914E+01  0.2130E+00  0.2879E-02  0.3734E-02  0.6413E-01  0.4808E-01  0.9652E+00  0.3401E+00
   32      8  0.2569E+01  0.7424E-01  0.1710E-02  0.4174E-02  0.6135E-01  0.5238E-01  0.7463E+00  0.2666E+00
   33      8  0.3139E+01  0.4856E-01  0.1070E-02  0.6318E-02  0.6000E-01  0.4118E-01  0.3928E+00  0.5160E+00
   34      8  0.2480E+01  0.5503E-01  0.2164E-02  0.9395E-02  0.9952E-01  0.1000E-01  0.7658E+00  0.9252E+00
   35      8  0.4498E+01  0.1781E+00  0.4404E-02  0.9649E-02  0.6186E-01  0.4469E-01  0.6892E+00  0.2555E+00
   36      8  0.2445E+01  0.2371E+00  0.4897E-02  0.9131E-02  0.7810E-01  0.6538E-01  0.7730E+00  0.2942E+00
   37      8  0.2895E+01  0.1801E-01  0.1540E-02  0.6042E-02  0.9761E-01  0.6447E-01  0.9818E+00  0.7669E+00
   38      8  0.4611E+01  0.1031E+00  0.1802E-02  0.9326E-02  0.8235E-01  0.8173E-01  0.3587E+00  0.4756E+00
   39      8  0.4026E+01  0.1468E+00  0.2565E-02  0.6976E-02  0.5280E-01  0.7748E-01  0.4888E+00  0.8567E+00
   40      8  0.4752E+01  0.6610E-01  0.2605E-02  0.1803E-02  0.9577E-01  0.5204E-01  0.8016E+00  0.2574E+00
   41      8  0.2373E+01  0.2511E-01  0.1957E-02  0.4473E-02  0.8036E-01  0.4397E-01  0.2818E+00  0.3112E+00
   42      8  0.2287E+01  0.1315E+00  0.3644E-02  0.1142E-02  0.6802E-01  0.4282E-01  0.5134E+00  0.6631E+00
   43      8  0.4470E+01  0.2160E+00  0.2833E-02  0.1524E-02  0.8553E-01  0.5014E-01  0.7775E+00  0.7758E+00
   44      8  0.2661E+01  0.8809E-01  0.4830E-02  0.2407E-02  0.9446E-01  0.5777E-01  0.9345E+00  0.7894E+00
   45      8  0.2980E+01  0.2405E+00  0.4022E-02  0.3462E-02  0.6055E-01  0.6352E-01  0.9733E+00  0.8284E+00
   46      8  0.2863E+01  0.1585E+00  0.3050E-02  0.2076E-02  0.8524E-01  0.1000E+00  0.3005E+00  0.8349E+00
   47      8  0.3059E+01  0.1337E+00  0.2920E-02  0.5861E-02  0.7169E-01  0.4524E-01  0.7014E+00  0.3512E+00
   48      8  0.2496E+01  0.2064E+00  0.2405E-02  0.5172E-02  0.8149E-01  0.6086E-01  0.3492E+00  0.6494E+00
   49      8  0.2709E+01  0.2084E+00  0.1281E-02  0.9251E-02  0.5566E-01  0.6095E-01  0.8254E+00  0.6004E+00
   50      8  0.4724E+01  0.7158E-01  0.4850E-02  0.5326E-02  0.6795E-01  0.7996E-01  0.4390E+00  0.8730E+00
   51      8  0.3837E+01  0.8663E-01  0.1500E-02  0.4616E-02  0.7542E-01  0.5391E-01  0.7229E+00  0.9199E+00
   52      8  0.3347E+01  0.2180E+00  0.3871E-02  0.1589E-02  0.6603E-01  0.3263E-01  0.7965E+00  0.7254E+00
   53      8  0.3945E+01  0.1183E+00  0.2702E-02  0.3413E-02  0.8935E-01  0.3629E-01  0.3184E+00  0.9555E+00
   54      8  0.3399E+01  0.5198E-01  0.4070E-02  0.2630E-02  0.9639E-01  0.8389E-01  0.7849E+00  0.6455E+00
   55      8  0.2575E+01  0.3711E-01  0.3986E-02  0.6564E-02  0.5670E-01  0.4176E-01  0.4661E+00  0.9635E+00
   56      8  0.3761E+01  0.1958E+00  0.3354E-02  0.8184E-02  0.6253E-01  0.1918E-01  0.8416E+00  0.5688E+00
   57      8  0.3104E+01  0.1900E+00  0.2084E-02  0.4997E-02  0.9918E-01  0.6792E-01  0.9437E+00  0.9427E+00
   58      8  0.2042E+01  0.1117E+00  0.2321E-02  0.8425E-02  0.5804E-01  0.4744E-01  0.9184E+00  0.6897E+00
   59      8  0.2904E+01  0.1281E+00  0.4799E-02  0.4697E-02  0.6950E-01  0.5523E-01  0.2100E+00  0.3571E+00
   60      8  0.4785E+01  0.1892E+00  0.1893E-02  0.5484E-02  0.7035E-01  0.6322E-01  0.6124E+00  0.3998E+00
   61      8  0.4450E+01  0.1639E+00  0.2146E-02  0.7102E-02  0.7574E-01  0.5100E-01  0.2547E+00  0.3686E+00
   62      8  0.2933E+01  0.1169E+00  0.1970E-02  0.7486E-02  0.5767E-01  0.1703E-01  0.2424E+00  0.2865E+00
   63      8  0.3013E+01  0.9483E-01  0.4471E-02  0.4015E-02  0.9705E-01  0.3747E-01  0.6326E+00  0.5968E+00
   64      8  0.3812E+01  0.6293E-01  0.4386E-02  0.9475E-02  0.5912E-01  0.2499E-01  0.8931E+00  0.8480E+00
   65      8  0.2120E+01  0.1556E+00  0.2397E-02  0.8798E-02  0.8990E-01  0.6667E-01  0.6505E+00  0.8200E+00
   66      8  0.2257E+01  0.2464E+00  0.1199E-02  0.2964E-02  0.8399E-01  0.8698E-01  0.6841E+00  0.7500E+00
   67      8  0.4247E+01  0.4775E-01  0.3760E-02  0.3075E-02  0.8343E-01  0.3173E-01  0.5370E+00  0.5252E+00
   68      8  0.2774E+01  0.9043E-01  0.4282E-02  0.6486E-02  0.7100E-01  0.2803E-01  0.7397E+00  0.3648E+00
   69      8  0.2649E+01  0.2350E+00  0.3610E-02  0.6698E-02  0.9484E-01  0.3726E-01  0.2034E+00  0.8642E+00
   70      8  0.3658E+01  0.1996E+00  0.4146E-02  0.5060E-02  0.8666E-01  0.1312E-01  0.4202E+00  0.7580E+00
   71      8  0.4264E+01  0.2275E+00  0.1475E-02  0.2567E-02  0.9242E-01  0.6994E-01  0.4822E+00  0.6086E+00
   72      8  0.2396E+01  0.1217E+00  0.4647E-02  0.5764E-02  0.7386E-01  0.7834E-01  0.2342E+00  0.9830E+00
   73      8  0.2076E+01  0.1059E+00  0.1320E-02  0.6224E-02  0.6348E-01  0.9240E-01  0.9856E+00  0.2071E+00
   74      8  0.2807E+01  0.1831E+00  0.4709E-02  0.4318E-02  0.5045E-01  0.3486E-01  0.4783E+00  0.3213E+00
   75      8  0.4913E+01  0.8032E-01  0.2211E-02  0.7431E-02  0.5993E-01  0.4990E-01  0.3438E+00  0.7770E+00
   76      8  0.4350E+01  0.1694E+00  0.1032E-02  0.6832E-02  0.9000E-01  0.4560E-01  0.6734E+00  0.8905E+00
   77      8  0.4798E+01  0.1472E+00  0.4931E-02  0.4832E-02  0.8418E-01  0.5313E-01  0.6050E+00  0.2778E+00
   78      8  0.2012E+01  0.4242E-01  0.3885E-02  0.7267E-02  0.8484E-01  0.6030E-01  0.4993E+00  0.2961E+00
   79      8  0.3577E+01  0.1365E+00  0.4499E-02  0.3962E-02  0.5747E-01  0.4023E-01  0.5963E+00  0.8028E+00
   80      8  0.3621E+01  0.1644E-01  0.3537E-02  0.8266E-02  0.6968E-01  0.3823E-01  0.5092E+00  0.9992E+00
   81      8  0.3211E+01  0.9683E-01  0.4322E-02  0.2875E-02  0.8300E-01  0.7376E-01  0.4551E+00  0.6864E+00
   82      8  0.3785E+01  0.5941E-01  0.1591E-02  0.8921E-02  0.7718E-01  0.7485E-01  0.2750E+00  0.4545E+00
   83      8  0.3876E+01  0.1064E+00  0.1129E-02  0.1077E-02  0.5118E-01  0.5288E-01  0.7085E+00  0.6237E+00
   84      8  0.4330E+01  0.1406E-01  0.3371E-02  0.7852E-02  0.8729E-01  0.6915E-01  0.7137E+00  0.4997E+00
   85      8  0.2144E+01  0.8437E-01  0.3432E-02  0.1372E-02  0.8879E-01  0.6153E-01  0.6598E+00  0.4700E+00
   86      8  0.4142E+01  0.1622E+00  0.3582E-02  0.9770E-02  0.8798E-01  0.5640E-01  0.9110E+00  0.4458E+00
   87      8  0.4301E+01  0.2248E+00  0.2758E-02  0.3259E-02  0.7242E-01  0.8551E-01  0.4448E+00  0.4383E+00
   88      8  0.4219E+01  0.9344E-01  0.4224E-02  0.2087E-02  0.6591E-01  0.3934E-01  0.5227E+00  0.5918E+00
   89      8  0.2218E+01  0.6899E-01  0.1113E-02  0.2240E-02  0.7618E-01  0.4668E-01  0.8519E+00  0.3826E+00
   90      8  0.2820E+01  0.5588E-01  0.3314E-02  0.7666E-02  0.6520E-01  0.4902E-01  0.5887E+00  0.2134E+00
   91      8  0.4682E+01  0.3456E-01  0.3260E-02  0.9633E-02  0.7939E-01  0.4640E-01  0.8615E+00  0.8411E+00
   92      8  0.4663E+01  0.1089E+00  0.1679E-02  0.3059E-02  0.7306E-01  0.5862E-01  0.3661E+00  0.5605E+00
   93      8  0.4906E+01  0.2484E+00  0.2670E-02  0.1638E-02  0.7499E-01  0.6279E-01  0.6236E+00  0.7061E+00
   94      8  0.4092E+01  0.9912E-01  0.1771E-02  0.3564E-02  0.5379E-01  0.3533E-01  0.9922E+00  0.5336E+00
   95      8  0.3448E+01  0.1738E+00  0.2466E-02  0.3680E-02  0.9346E-01  0.4761E-01  0.3249E+00  0.2386E+00
   96      8  0.4958E+01  0.4565E-01  0.3084E-02  0.3169E-02  0.9844E-01  0.7276E-01  0.3867E+00  0.2184E+00
   97      8  0.3428E+01  0.2019E+00  0.3680E-02  0.8631E-02  0.7870E-01  0.5821E-01  0.9003E+00  0.9891E+00
   98      8  0.4867E+01  0.1497E+00  0.3768E-02  0.5976E-02  0.5187E-01  0.9895E-01  0.4065E+00  0.9742E+00
   99      8  0.4169E+01  0.2140E-01  0.2314E-02  0.2345E-02  0.6894E-01  0.7147E-01  0.8645E+00  0.7002E+00
  100      8  0.4529E+01  0.1805E+00  0.3131E-02  0.5774E-02  0.7783E-01  0.7066E-01  0.8724E+00  0.4003E+00
